<?xml version='1.0' encoding='UTF-8'?>
<testsuite hostname="C02XP0AMJG5L" name="parsers.ParsersTest" tests="1" errors="0" failures="0" skipped="0" time="0.017" timestamp="2019-07-31T19:18:12">
                     <properties>
[...]
</properties>
                     <testcase classname="parsers.ParsersTest" name="Parser Test should return output with Either of result or failure" time="0.017">
                                                 
                                               </testcase>
                     <system-out><![CDATA[]]></system-out>
                     <system-err><![CDATA[]]></system-err>
                   </testsuite>